0 info it worked if it ends with ok
1 verbose cli [ '/usr/bin/node', '/usr/bin/npm', 'start' ]
2 info using npm@2.1.6
3 info using node@v0.11.15
4 verbose node symlink /usr/bin/node
5 verbose run-script [ 'prestart', 'start', 'poststart' ]
6 info prestart application-name@0.0.1
7 info start application-name@0.0.1
8 verbose unsafe-perm in lifecycle true
9 info application-name@0.0.1 Failed to exec start script
10 verbose stack Error: application-name@0.0.1 start: `nodejs ./bin/www`
10 verbose stack Exit status 1
10 verbose stack     at ChildProcess.<anonymous> (/usr/lib/node_modules/npm/lib/utils/lifecycle.js:212:16)
10 verbose stack     at ChildProcess.emit (events.js:110:17)
10 verbose stack     at maybeClose (child_process.js:1008:16)
10 verbose stack     at Process.ChildProcess._handle.onexit (child_process.js:1080:5)
11 verbose pkgid application-name@0.0.1
12 verbose cwd /home/una/WebstormProjects/JS_Quiz/public/javascripts
13 error Linux 3.16.0-33-generic
14 error argv "/usr/bin/node" "/usr/bin/npm" "start"
15 error node v0.11.15
16 error npm  v2.1.6
17 error code ELIFECYCLE
18 error application-name@0.0.1 start: `nodejs ./bin/www`
18 error Exit status 1
19 error Failed at the application-name@0.0.1 start script.
19 error This is most likely a problem with the application-name package,
19 error not with npm itself.
19 error Tell the author that this fails on your system:
19 error     nodejs ./bin/www
19 error You can get their info via:
19 error     npm owner ls application-name
19 error There is likely additional logging output above.
20 verbose exit [ 1, true ]
